{"/home/hire10x/Documents/React-Projects/Practice@ViTest/src/App.jsx": {"path":"/home/hire10x/Documents/React-Projects/Practice@ViTest/src/App.jsx","all":true,"statementMap":{"0":{"start":{"line":1,"column":0},"end":{"line":1,"column":0}},"1":{"start":{"line":2,"column":0},"end":{"line":2,"column":18}},"2":{"start":{"line":3,"column":0},"end":{"line":3,"column":55}},"4":{"start":{"line":5,"column":0},"end":{"line":5,"column":16}},"5":{"start":{"line":6,"column":0},"end":{"line":6,"column":27}},"7":{"start":{"line":8,"column":0},"end":{"line":8,"column":10}},"8":{"start":{"line":9,"column":0},"end":{"line":9,"column":6}},"10":{"start":{"line":11,"column":0},"end":{"line":11,"column":7}},"12":{"start":{"line":13,"column":0},"end":{"line":13,"column":1}},"14":{"start":{"line":15,"column":0},"end":{"line":15,"column":18}}},"s":{"0":0,"1":0,"2":0,"4":0,"5":0,"7":0,"8":0,"10":0,"12":0,"14":0},"branchMap":{"0":{"type":"branch","line":1,"loc":{"start":{"line":1,"column":182},"end":{"line":15,"column":18}},"locations":[{"start":{"line":1,"column":182},"end":{"line":15,"column":18}}]}},"b":{"0":[0]},"fnMap":{"0":{"name":"(empty-report)","decl":{"start":{"line":1,"column":182},"end":{"line":15,"column":18}},"loc":{"start":{"line":1,"column":182},"end":{"line":15,"column":18}},"line":1}},"f":{"0":0}}
,"/home/hire10x/Documents/React-Projects/Practice@ViTest/src/main.jsx": {"path":"/home/hire10x/Documents/React-Projects/Practice@ViTest/src/main.jsx","all":true,"statementMap":{"0":{"start":{"line":1,"column":0},"end":{"line":1,"column":25}},"1":{"start":{"line":2,"column":0},"end":{"line":2,"column":39}},"2":{"start":{"line":3,"column":0},"end":{"line":3,"column":27}},"3":{"start":{"line":4,"column":0},"end":{"line":4,"column":20}},"5":{"start":{"line":6,"column":0},"end":{"line":6,"column":60}},"6":{"start":{"line":7,"column":0},"end":{"line":7,"column":20}},"7":{"start":{"line":8,"column":0},"end":{"line":8,"column":11}},"8":{"start":{"line":9,"column":0},"end":{"line":9,"column":22}},"9":{"start":{"line":10,"column":0},"end":{"line":10,"column":1}}},"s":{"0":0,"1":0,"2":0,"3":0,"5":0,"6":0,"7":0,"8":0,"9":0},"branchMap":{"0":{"type":"branch","line":1,"loc":{"start":{"line":1,"column":234},"end":{"line":10,"column":1}},"locations":[{"start":{"line":1,"column":234},"end":{"line":10,"column":1}}]}},"b":{"0":[0]},"fnMap":{"0":{"name":"(empty-report)","decl":{"start":{"line":1,"column":234},"end":{"line":10,"column":1}},"loc":{"start":{"line":1,"column":234},"end":{"line":10,"column":1}},"line":1}},"f":{"0":0}}
,"/home/hire10x/Documents/React-Projects/Practice@ViTest/src/components/ArithmeticOperations.jsx": {"path":"/home/hire10x/Documents/React-Projects/Practice@ViTest/src/components/ArithmeticOperations.jsx","all":false,"statementMap":{"2":{"start":{"line":3,"column":0},"end":{"line":3,"column":29}},"3":{"start":{"line":4,"column":0},"end":{"line":4,"column":84}},"6":{"start":{"line":7,"column":0},"end":{"line":7,"column":34}},"7":{"start":{"line":8,"column":0},"end":{"line":8,"column":35}},"9":{"start":{"line":10,"column":0},"end":{"line":10,"column":76}},"10":{"start":{"line":11,"column":0},"end":{"line":11,"column":1}}},"s":{"2":1,"3":4,"6":1,"7":3,"9":2,"10":2},"branchMap":{"0":{"type":"branch","line":3,"loc":{"start":{"line":3,"column":12},"end":{"line":4,"column":84}},"locations":[{"start":{"line":3,"column":12},"end":{"line":4,"column":84}}]},"1":{"type":"branch","line":4,"loc":{"start":{"line":4,"column":17},"end":{"line":4,"column":47}},"locations":[{"start":{"line":4,"column":17},"end":{"line":4,"column":47}}]},"2":{"type":"branch","line":7,"loc":{"start":{"line":7,"column":17},"end":{"line":11,"column":1}},"locations":[{"start":{"line":7,"column":17},"end":{"line":11,"column":1}}]},"3":{"type":"branch","line":8,"loc":{"start":{"line":8,"column":27},"end":{"line":8,"column":35}},"locations":[{"start":{"line":8,"column":27},"end":{"line":8,"column":35}}]},"4":{"type":"branch","line":8,"loc":{"start":{"line":8,"column":34},"end":{"line":11,"column":1}},"locations":[{"start":{"line":8,"column":34},"end":{"line":11,"column":1}}]},"5":{"type":"branch","line":10,"loc":{"start":{"line":10,"column":35},"end":{"line":10,"column":63}},"locations":[{"start":{"line":10,"column":35},"end":{"line":10,"column":63}}]}},"b":{"0":[4],"1":[4],"2":[3],"3":[1],"4":[2],"5":[3]},"fnMap":{"0":{"name":"sum","decl":{"start":{"line":3,"column":12},"end":{"line":4,"column":84}},"loc":{"start":{"line":3,"column":12},"end":{"line":4,"column":84}},"line":3},"1":{"name":"subtract","decl":{"start":{"line":7,"column":17},"end":{"line":11,"column":1}},"loc":{"start":{"line":7,"column":17},"end":{"line":11,"column":1}},"line":7}},"f":{"0":4,"1":3}}
}
